<?xml version="1.0" encoding="UTF-8"?>
<!-- Generated by org.testng.reporters.JUnitXMLReporter -->
<testsuite ignored="0" hostname="Pandey" failures="1" tests="2" name="Test" time="191.176" errors="0" timestamp="2022-12-07T15:46:27 IST">
  <testcase classname="com.canossa.patients.VerifyingAppointmentHistoryTest" name="verifyingAppointmentHistoryTest" time="6.205"/>
  <testcase classname="com.canossa.patients.VerifyMedicalHistorypageTest" name="verifyMedicalHistorypageTest" time="1.086">
    <failure type="java.lang.AssertionError" message="null">
      <![CDATA[java.lang.AssertionError: null
at com.canossa.patients.VerifyMedicalHistorypageTest.verifyMedicalHistorypageTest(VerifyMedicalHistorypageTest.java:25)
at java.base/java.util.ArrayList.forEach(ArrayList.java:1511)
... Removed 27 stack frames]]>
    </failure>
  </testcase> <!-- verifyMedicalHistorypageTest -->
</testsuite> <!-- Test -->
